nohup: ignoring input
Warning: You are sending unauthenticated requests to the HF Hub. Please set a HF_TOKEN to enable higher rate limits and faster downloads.
Token indices sequence length is longer than the specified maximum sequence length for this model (8668 > 1024). Running this sequence through the model will result in indexing errors

════════════════════════════════════════════════════════════════════
  Phase 3 Resume — Appending BookCorpus (10%)
  Existing files will NOT be re-processed.
════════════════════════════════════════════════════════════════════

  ✔  train bin: 7,200,002,632 bytes (1,800,000,658 tokens)
  ⚠  val bin is much smaller than expected (80,000,756 vs 80,000,756 bytes). Proceeding anyway.

  Existing train tokens : 1.800B
  Existing val   tokens : 20.0M
  Disk free             : 844.4 GB

Loading tokenizer …
  Loaded tokenizer from Phase 1 cache: /home/sem10/Desktop/nlpProj/checkpoints/phase1/tokenizer
  Vocab: 50,257  EOS=50256

════════════════════════════════════════════════════════════════════
  [4/4] Books corpus — wikimedia/wikipedia 20231101.en
  Target : 200.0M train tokens  (narratives + knowledge)
  Strategy: streaming Wikipedia; long articles ≥ 500 chars only
════════════════════════════════════════════════════════════════════
  ✔  Wikipedia stream opened. Sample title: 'Anarchism'
  [wikipedia   ] docs:  10,000  tokens:     21.5M  ( 10.7%)  disk:840.1GB free  0.6Mtok/s  [0.0h]
  [wikipedia   ] docs:  20,000  tokens:     32.6M  ( 16.3%)  disk:840.1GB free  0.6Mtok/s  [0.0h]
  [wikipedia   ] docs:  30,000  tokens:     43.7M  ( 21.8%)  disk:840.1GB free  0.7Mtok/s  [0.0h]
  [wikipedia   ] docs:  40,000  tokens:     54.4M  ( 27.2%)  disk:840.1GB free  0.7Mtok/s  [0.0h]
  [wikipedia   ] docs:  50,000  tokens:     65.6M  ( 32.8%)  disk:840.1GB free  0.7Mtok/s  [0.0h]
  [wikipedia   ] docs:  60,000  tokens:     76.1M  ( 38.1%)  disk:840.1GB free  0.7Mtok/s  [0.0h]
  [wikipedia   ] docs:  70,000  tokens:     86.7M  ( 43.4%)  disk:840.1GB free  0.8Mtok/s  [0.0h]
  [wikipedia   ] docs:  80,000  tokens:     97.2M  ( 48.6%)  disk:840.1GB free  0.8Mtok/s  [0.0h]
  [wikipedia   ] docs:  90,000  tokens:    108.0M  ( 54.0%)  disk:840.1GB free  0.8Mtok/s  [0.0h]
  [wikipedia   ] docs: 100,000  tokens:    118.7M  ( 59.3%)  disk:840.1GB free  0.8Mtok/s  [0.0h]
  [wikipedia   ] docs: 110,000  tokens:    129.0M  ( 64.5%)  disk:840.1GB free  0.8Mtok/s  [0.0h]
  [wikipedia   ] docs: 120,000  tokens:    139.8M  ( 69.9%)  disk:840.1GB free  0.8Mtok/s  [0.0h]
  [wikipedia   ] docs: 130,000  tokens:    150.6M  ( 75.3%)  disk:840.1GB free  0.8Mtok/s  [0.1h]
  [wikipedia   ] docs: 140,000  tokens:    161.2M  ( 80.6%)  disk:840.1GB free  0.8Mtok/s  [0.1h]
  [wikipedia   ] docs: 150,000  tokens:    171.4M  ( 85.7%)  disk:840.1GB free  0.8Mtok/s  [0.1h]
  [wikipedia   ] docs: 160,000  tokens:    181.6M  ( 90.8%)  disk:840.1GB free  0.8Mtok/s  [0.1h]
  [wikipedia   ] docs: 170,000  tokens:    192.2M  ( 96.1%)  disk:840.1GB free  0.8Mtok/s  [0.1h]

  ✔  Books done — 200.0M train tokens | 0 val tokens | 0.07h

════════════════════════════════════════════════════════════════════
  Phase 3 Resume Complete!
════════════════════════════════════════════════════════════════════
  Total train tokens : 2.000B
  Total val   tokens : 20.0M
  Train file         : 8.00 GB
  Val   file         : 80.0 MB
  Books elapsed      : 0.07h

  Source breakdown:
    openwebtext                 :     700.0M  (35.0%)
    c4                          :     600.0M  (30.0%)
    stackexchange               :     500.0M  (25.0%)
    bookcorpus_wikipedia        :     200.0M  (10.0%)

  Disk free now: 840.1 GB
  Meta: /home/sem10/Desktop/nlpProj/data/phase3_mixed/meta.json
════════════════════════════════════════════════════════════════════

→ Next: nohup python train_phase3.py --wandb > logs/train_phase3.log 2>&1 &
